[debug] ----------------------------------------------------------------------
[debug] Command:      D:\node\node.exe C:\Users\thing\AppData\Roaming\npm\node_modules\firebase-tools\bin\firebase serve
[debug] CLI Version:  3.0.8
[debug] Platform:     win32
[debug] Node Version: v5.10.1
[debug] Time:         Tue Nov 29 2016 01:38:18 GMT-0700 (Mountain Standard Time)
[debug] ----------------------------------------------------------------------
[debug] 
[info] Starting Firebase development server...
[info] 
[info] Project Directory: C:\Users\thing\Desktop\capstoneWorking
[info] Public Directory: public
[info] 
[info] Server listening at: http://localhost:5000
[debug] ----------------------------------------------------------------------
[debug] Command:      D:\node\node.exe C:\Users\thing\AppData\Roaming\npm\node_modules\firebase-tools\bin\firebase serve
[debug] CLI Version:  3.0.8
[debug] Platform:     win32
[debug] Node Version: v5.10.1
[debug] Time:         Tue Nov 29 2016 19:22:00 GMT-0700 (Mountain Standard Time)
[debug] ----------------------------------------------------------------------
[debug] 
[info] Starting Firebase development server...
[info] 
[info] Project Directory: C:\Users\thing\Desktop\capstoneWorking
[info] Public Directory: public
[info] 
[info] Server listening at: http://localhost:5000
