[debug] ----------------------------------------------------------------------
[debug] Command:      D:\node\node.exe C:\Users\thing\AppData\Roaming\npm\node_modules\firebase-tools\bin\firebase serve
[debug] CLI Version:  3.0.8
[debug] Platform:     win32
[debug] Node Version: v5.10.1
[debug] Time:         Mon Oct 31 2016 00:39:24 GMT-0600 (Mountain Daylight Time)
[debug] ----------------------------------------------------------------------
[debug] 
[info] Starting Firebase development server...
[info] 
[info] Project Directory: C:\Users\thing\Desktop\travel-app\New folder - Copy
[info] Public Directory: public
[info] 
[info] Server listening at: http://localhost:5000
[debug] ----------------------------------------------------------------------
[debug] Command:      D:\node\node.exe C:\Users\thing\AppData\Roaming\npm\node_modules\firebase-tools\bin\firebase serve
[debug] CLI Version:  3.0.8
[debug] Platform:     win32
[debug] Node Version: v5.10.1
[debug] Time:         Mon Oct 31 2016 01:22:22 GMT-0600 (Mountain Daylight Time)
[debug] ----------------------------------------------------------------------
[debug] 
[info] Starting Firebase development server...
[info] 
[info] Project Directory: C:\Users\thing\Desktop\travel-app\places
[info] Public Directory: public
[info] 
[info] Server listening at: http://localhost:5000
[debug] ----------------------------------------------------------------------
[debug] Command:      D:\node\node.exe C:\Users\thing\AppData\Roaming\npm\node_modules\firebase-tools\bin\firebase serve
[debug] CLI Version:  3.0.8
[debug] Platform:     win32
[debug] Node Version: v5.10.1
[debug] Time:         Sun Nov 06 2016 19:01:44 GMT-0700 (Mountain Standard Time)
[debug] ----------------------------------------------------------------------
[debug] 
[info] Starting Firebase development server...
[info] 
[info] Project Directory: C:\Users\thing\Desktop\travel-app\routebox
[info] Public Directory: public
[info] 
[info] Server listening at: http://localhost:5000
